{"level":"info","message":"The connection to database was failed with error: Error: SASL: SCRAM-SERVER-FIRST-MESSAGE: client password must be a string","timestamp":"2024-05-30T15:24:59.699Z"}
{"level":"info","message":"Connect to database successfully","timestamp":"2024-05-30T15:32:05.679Z"}
{"level":"info","message":"Connect to database successfully","timestamp":"2024-05-30T15:33:52.187Z"}
{"level":"info","message":"The connection to database was failed with error: Error: connect ECONNREFUSED ::1:5432","timestamp":"2024-05-30T15:34:53.066Z"}
{"level":"info","message":"Connect to database successfully","timestamp":"2024-05-30T15:39:31.563Z"}
{"level":"info","message":"The connection to database was failed with error: Error: connect ECONNREFUSED ::1:5432","timestamp":"2024-05-30T15:39:57.922Z"}
{"level":"info","message":"The connection to database was failed with error: Error: connect ECONNREFUSED ::1:5432","timestamp":"2024-05-30T15:40:31.463Z"}
{"level":"info","message":"Connect to database successfully","timestamp":"2024-05-30T15:40:56.203Z"}
{"level":"info","message":"Server running at 4000","timestamp":"2024-05-30T15:40:56.203Z"}
{"level":"info","message":"Connect to database successfully","timestamp":"2024-05-30T15:42:21.209Z"}
{"level":"info","message":"Server running at 4000","timestamp":"2024-05-30T15:42:21.209Z"}
{"level":"info","message":"Connect to database successfully","timestamp":"2024-05-30T15:47:06.296Z"}
{"level":"info","message":"Server running at 4000","timestamp":"2024-05-30T15:47:06.296Z"}
{"level":"info","message":"Connect to database successfully","timestamp":"2024-05-30T16:26:51.628Z"}
{"level":"info","message":"Server running at 4000","timestamp":"2024-05-30T16:26:51.628Z"}
{"level":"info","message":"Connect to database successfully","timestamp":"2024-05-30T16:27:57.081Z"}
{"level":"info","message":"Server running at 4000","timestamp":"2024-05-30T16:27:57.081Z"}
{"level":"info","message":"Connect to database successfully","timestamp":"2024-05-30T16:28:19.993Z"}
{"level":"info","message":"Server running at 4000","timestamp":"2024-05-30T16:28:19.993Z"}
{"level":"info","message":"Connect to database successfully","timestamp":"2024-05-30T16:28:46.626Z"}
{"level":"info","message":"Server running at 4000","timestamp":"2024-05-30T16:28:46.626Z"}
{"level":"info","message":"Connect to database successfully","timestamp":"2024-05-30T16:30:27.715Z"}
{"level":"info","message":"Server running at 4000","timestamp":"2024-05-30T16:30:27.715Z"}
{"level":"info","message":"Connect to database successfully","timestamp":"2024-05-30T16:31:38.488Z"}
{"level":"info","message":"Server running at 4000","timestamp":"2024-05-30T16:31:38.488Z"}
{"level":"info","message":"Connect to database successfully","timestamp":"2024-05-30T16:34:43.332Z"}
{"level":"info","message":"Server running at 4000","timestamp":"2024-05-30T16:34:43.332Z"}
{"level":"info","message":"Connect to database successfully","timestamp":"2024-05-30T16:34:52.140Z"}
{"level":"info","message":"Server running at 4000","timestamp":"2024-05-30T16:34:52.140Z"}
{"level":"info","message":"Connect to database successfully","timestamp":"2024-05-30T20:28:13.508Z"}
{"level":"info","message":"Server running at 4000","timestamp":"2024-05-30T20:28:13.508Z"}
{"level":"info","message":"Connect to database successfully","timestamp":"2024-05-30T20:35:04.196Z"}
{"level":"info","message":"Server running at 4000","timestamp":"2024-05-30T20:35:04.196Z"}
{"level":"info","message":"Connect to database successfully","timestamp":"2024-05-30T20:35:28.025Z"}
{"level":"info","message":"Server running at 4000","timestamp":"2024-05-30T20:35:28.025Z"}
{"level":"info","message":"Connect to database successfully","timestamp":"2024-05-30T20:35:59.487Z"}
{"level":"info","message":"Server running at 4000","timestamp":"2024-05-30T20:35:59.487Z"}
{"level":"info","message":"Connect to database successfully","timestamp":"2024-05-30T20:41:07.441Z"}
{"level":"info","message":"Server running at 4000","timestamp":"2024-05-30T20:41:07.441Z"}
{"level":"info","message":"Connect to database successfully","timestamp":"2024-05-30T20:42:57.801Z"}
{"level":"info","message":"Server running at 4000","timestamp":"2024-05-30T20:42:57.801Z"}
{"level":"info","message":"Connect to database successfully","timestamp":"2024-05-30T20:43:06.167Z"}
{"level":"info","message":"Server running at 4000","timestamp":"2024-05-30T20:43:06.167Z"}
{"level":"info","message":"Connect to database successfully","timestamp":"2024-05-30T20:43:14.044Z"}
{"level":"info","message":"Server running at 4000","timestamp":"2024-05-30T20:43:14.044Z"}
{"level":"info","message":"Connect to database successfully","timestamp":"2024-05-30T20:43:47.485Z"}
{"level":"info","message":"Server running at 4000","timestamp":"2024-05-30T20:43:47.485Z"}
{"level":"info","message":"Connect to database successfully","timestamp":"2024-05-30T20:45:57.572Z"}
{"level":"info","message":"Server running at 4000","timestamp":"2024-05-30T20:45:57.572Z"}
{"level":"info","message":"Connect to database successfully","timestamp":"2024-05-30T20:46:07.079Z"}
{"level":"info","message":"Server running at 4000","timestamp":"2024-05-30T20:46:07.079Z"}
{"level":"info","message":"Connect to database successfully","timestamp":"2024-05-30T20:46:13.579Z"}
{"level":"info","message":"Server running at 4000","timestamp":"2024-05-30T20:46:13.579Z"}
{"level":"info","message":"Connect to database successfully","timestamp":"2024-05-30T20:46:26.882Z"}
{"level":"info","message":"Server running at 4000","timestamp":"2024-05-30T20:46:26.882Z"}
{"level":"info","message":"Connect to database successfully","timestamp":"2024-05-30T20:47:52.106Z"}
{"level":"info","message":"Server running at 4000","timestamp":"2024-05-30T20:47:52.106Z"}
{"level":"info","message":"Connect to database successfully","timestamp":"2024-05-30T20:48:05.077Z"}
{"level":"info","message":"Server running at 4000","timestamp":"2024-05-30T20:48:05.077Z"}
{"level":"info","message":"Connect to database successfully","timestamp":"2024-05-30T20:49:19.848Z"}
{"level":"info","message":"Server running at 4000","timestamp":"2024-05-30T20:49:19.848Z"}
{"level":"info","message":"Connect to database successfully","timestamp":"2024-05-30T20:57:09.356Z"}
{"level":"info","message":"Server running at 4000","timestamp":"2024-05-30T20:57:09.356Z"}
{"level":"info","message":"Connect to database successfully","timestamp":"2024-05-30T20:57:53.411Z"}
{"level":"info","message":"Server running at 4000","timestamp":"2024-05-30T20:57:53.411Z"}
{"level":"info","message":"Connect to database successfully","timestamp":"2024-05-30T21:00:59.499Z"}
{"level":"info","message":"Server running at 4000","timestamp":"2024-05-30T21:00:59.499Z"}
{"level":"info","message":"Connect to database successfully","timestamp":"2024-05-30T21:01:05.089Z"}
{"level":"info","message":"Server running at 4000","timestamp":"2024-05-30T21:01:05.089Z"}
{"level":"info","message":"Connect to database successfully","timestamp":"2024-05-30T21:03:08.626Z"}
{"level":"info","message":"Server running at 4000","timestamp":"2024-05-30T21:03:08.626Z"}
{"level":"info","message":"Connect to database successfully","timestamp":"2024-05-30T21:04:47.540Z"}
{"level":"info","message":"Server running at 4000","timestamp":"2024-05-30T21:04:47.540Z"}
{"level":"info","message":"Connect to database successfully","timestamp":"2024-05-30T21:04:53.149Z"}
{"level":"info","message":"Server running at 4000","timestamp":"2024-05-30T21:04:53.149Z"}
{"level":"info","message":"Connect to database successfully","timestamp":"2024-05-30T21:05:55.116Z"}
{"level":"info","message":"Server running at 4000","timestamp":"2024-05-30T21:05:55.116Z"}
{"level":"info","message":"Connect to database successfully","timestamp":"2024-05-30T21:19:34.289Z"}
{"level":"info","message":"Server running at 4000","timestamp":"2024-05-30T21:19:34.289Z"}
{"level":"info","message":"Connect to database successfully","timestamp":"2024-05-30T21:20:40.636Z"}
{"level":"info","message":"Server running at 4000","timestamp":"2024-05-30T21:20:40.636Z"}
{"level":"info","message":"Connect to database successfully","timestamp":"2024-05-30T21:21:37.525Z"}
{"level":"info","message":"Server running at 4000","timestamp":"2024-05-30T21:21:37.525Z"}
{"level":"info","message":"Connect to database successfully","timestamp":"2024-05-30T21:22:52.925Z"}
{"level":"info","message":"Server running at 4000","timestamp":"2024-05-30T21:22:52.925Z"}
{"level":"info","message":"Connect to database successfully","timestamp":"2024-05-30T21:23:30.182Z"}
{"level":"info","message":"Server running at 4000","timestamp":"2024-05-30T21:23:30.182Z"}
{"level":"info","message":"Connect to database successfully","timestamp":"2024-05-30T21:23:51.806Z"}
{"level":"info","message":"Server running at 4000","timestamp":"2024-05-30T21:23:51.806Z"}
{"level":"info","message":"Connect to database successfully","timestamp":"2024-05-30T21:24:50.335Z"}
{"level":"info","message":"Server running at 4000","timestamp":"2024-05-30T21:24:50.335Z"}
{"level":"info","message":"Connect to database successfully","timestamp":"2024-05-30T21:26:08.385Z"}
{"level":"info","message":"Server running at 4000","timestamp":"2024-05-30T21:26:08.385Z"}
{"level":"info","message":"Connect to database successfully","timestamp":"2024-05-30T21:31:14.816Z"}
{"level":"info","message":"Server running at 4000","timestamp":"2024-05-30T21:31:14.816Z"}
{"level":"info","message":"Connect to database successfully","timestamp":"2024-05-30T21:32:01.230Z"}
{"level":"info","message":"Server running at 4000","timestamp":"2024-05-30T21:32:01.230Z"}
{"level":"info","message":"Connect to database successfully","timestamp":"2024-05-30T21:33:01.436Z"}
{"level":"info","message":"Server running at 4000","timestamp":"2024-05-30T21:33:01.436Z"}
{"level":"info","message":"Connect to database successfully","timestamp":"2024-05-30T21:34:42.444Z"}
{"level":"info","message":"Server running at 4000","timestamp":"2024-05-30T21:34:42.444Z"}
{"level":"info","message":"Connect to database successfully","timestamp":"2024-05-30T21:35:33.001Z"}
{"level":"info","message":"Server running at 4000","timestamp":"2024-05-30T21:35:33.001Z"}
{"level":"info","message":"Connect to database successfully","timestamp":"2024-05-30T21:35:44.188Z"}
{"level":"info","message":"Server running at 4000","timestamp":"2024-05-30T21:35:44.188Z"}
{"level":"info","message":"Connect to database successfully","timestamp":"2024-05-30T21:36:41.775Z"}
{"level":"info","message":"Server running at 4000","timestamp":"2024-05-30T21:36:41.775Z"}
{"level":"info","message":"Connect to database successfully","timestamp":"2024-05-30T21:39:10.566Z"}
{"level":"info","message":"Server running at 4000","timestamp":"2024-05-30T21:39:10.566Z"}
{"level":"info","message":"Connect to database successfully","timestamp":"2024-05-30T21:43:22.354Z"}
{"level":"info","message":"Server running at 4000","timestamp":"2024-05-30T21:43:22.354Z"}
{"level":"info","message":"Connect to database successfully","timestamp":"2024-05-30T21:44:41.922Z"}
{"level":"info","message":"Server running at 4000","timestamp":"2024-05-30T21:44:41.922Z"}
{"level":"info","message":"Connect to database successfully","timestamp":"2024-05-30T21:47:50.067Z"}
{"level":"info","message":"Server running at 4000","timestamp":"2024-05-30T21:47:50.067Z"}
{"level":"info","message":"Connect to database successfully","timestamp":"2024-05-30T21:49:06.106Z"}
{"level":"info","message":"Server running at 4000","timestamp":"2024-05-30T21:49:06.106Z"}
{"level":"info","message":"Connect to database successfully","timestamp":"2024-05-30T21:49:39.545Z"}
{"level":"info","message":"Server running at 4000","timestamp":"2024-05-30T21:49:39.545Z"}
{"level":"info","message":"Connect to database successfully","timestamp":"2024-05-30T21:51:31.408Z"}
{"level":"info","message":"Server running at 4000","timestamp":"2024-05-30T21:51:31.408Z"}
{"level":"info","message":"Connect to database successfully","timestamp":"2024-05-30T21:52:18.907Z"}
{"level":"info","message":"Server running at 4000","timestamp":"2024-05-30T21:52:18.907Z"}
{"level":"info","message":"Connect to database successfully","timestamp":"2024-05-30T21:53:24.326Z"}
{"level":"info","message":"Server running at 4000","timestamp":"2024-05-30T21:53:24.326Z"}
{"level":"info","message":"Connect to database successfully","timestamp":"2024-05-30T21:53:39.315Z"}
{"level":"info","message":"Server running at 4000","timestamp":"2024-05-30T21:53:39.315Z"}
{"level":"info","message":"Connect to database successfully","timestamp":"2024-05-30T21:54:46.947Z"}
{"level":"info","message":"Server running at 4000","timestamp":"2024-05-30T21:54:46.947Z"}
{"level":"info","message":"Connect to database successfully","timestamp":"2024-05-30T21:56:59.729Z"}
{"level":"info","message":"Server running at 4000","timestamp":"2024-05-30T21:56:59.729Z"}
{"level":"info","message":"Connect to database successfully","timestamp":"2024-05-30T21:57:53.140Z"}
{"level":"info","message":"Server running at 4000","timestamp":"2024-05-30T21:57:53.140Z"}
{"level":"info","message":"Connect to database successfully","timestamp":"2024-05-30T21:59:55.230Z"}
{"level":"info","message":"Server running at 4000","timestamp":"2024-05-30T21:59:55.230Z"}
{"level":"info","message":"Connect to database successfully","timestamp":"2024-05-30T22:14:07.927Z"}
{"level":"info","message":"Server running at 4000","timestamp":"2024-05-30T22:14:07.927Z"}
{"level":"info","message":"Connect to database successfully","timestamp":"2024-05-31T04:12:53.021Z"}
{"level":"info","message":"Server running at 4000","timestamp":"2024-05-31T04:12:53.021Z"}
{"level":"info","message":"Connect to database successfully","timestamp":"2024-05-31T04:16:55.230Z"}
{"level":"info","message":"Server running at 5555","timestamp":"2024-05-31T04:16:55.230Z"}
{"level":"info","message":"Connect to database successfully","timestamp":"2024-05-31T04:17:03.330Z"}
{"level":"info","message":"Server running at 5555","timestamp":"2024-05-31T04:17:03.330Z"}
{"level":"info","message":"Connect to database successfully","timestamp":"2024-05-31T04:18:58.090Z"}
{"level":"info","message":"Server running at 5555","timestamp":"2024-05-31T04:18:58.090Z"}
{"level":"info","message":"Connect to database successfully","timestamp":"2024-05-31T04:21:04.526Z"}
{"level":"info","message":"Server running at 5555","timestamp":"2024-05-31T04:21:04.526Z"}
{"level":"info","message":"Connect to database successfully","timestamp":"2024-05-31T04:22:08.125Z"}
{"level":"info","message":"Server running at 5555","timestamp":"2024-05-31T04:22:08.125Z"}
{"level":"info","message":"Connect to database successfully","timestamp":"2024-05-31T04:24:24.207Z"}
{"level":"info","message":"Server running at 5555","timestamp":"2024-05-31T04:24:24.207Z"}
{"level":"info","message":"Connect to database successfully","timestamp":"2024-05-31T04:25:39.714Z"}
{"level":"info","message":"Server running at 5555","timestamp":"2024-05-31T04:25:39.714Z"}
{"level":"info","message":"Connect to database successfully","timestamp":"2024-05-31T06:38:15.725Z"}
{"level":"info","message":"Server running at 5555","timestamp":"2024-05-31T06:38:15.725Z"}
{"level":"info","message":"Connect to database successfully","timestamp":"2024-05-31T06:43:59.225Z"}
{"level":"info","message":"Server running at 5555","timestamp":"2024-05-31T06:43:59.225Z"}
{"level":"info","message":"Connect to database successfully","timestamp":"2024-05-31T07:11:15.501Z"}
{"level":"info","message":"Server running at 5555","timestamp":"2024-05-31T07:11:15.501Z"}
{"level":"info","message":"Connect to database successfully","timestamp":"2024-05-31T07:14:44.613Z"}
{"level":"info","message":"Server running at 5555","timestamp":"2024-05-31T07:14:44.613Z"}
